WebView/build/app/intermediates/manifest_merge_blame_file/debug/manifest-merger-blame-debug-report.txt
1<?xml version="1.0" encoding="utf-8"?>
2<manifest xmlns:android="http://schemas.android.com/apk/res/android"
3    package="com.gentecdashboard"
4    android:versionCode="86"
5    android:versionName="2.0.86" >
6
7    <uses-sdk
8        android:minSdkVersion="16"
9        android:targetSdkVersion="30" />
10    <!--
11         Flutter needs it to communicate with the running application
12         to allow setting breakpoints, to provide hot reload, etc.
13    -->
14    <uses-permission android:name="android.permission.INTERNET" />
14-->src\main\AndroidManifest.xml:9:5-66
14-->src\main\AndroidManifest.xml:9:22-64
15    <uses-permission android:name="android.permission.ACCESS_NETWORK_STATE" />
15-->src\main\AndroidManifest.xml:10:5-78
15-->src\main\AndroidManifest.xml:10:22-76
16    <uses-permission android:name="android.permission.ACCESS_FINE_LOCATION" />
16-->src\main\AndroidManifest.xml:11:5-79
16-->src\main\AndroidManifest.xml:11:22-76
17    <uses-permission android:name="android.permission.ACCESS_COARSE_LOCATION" />
17-->src\main\AndroidManifest.xml:12:5-81
17-->src\main\AndroidManifest.xml:12:22-78
18    <uses-permission android:name="android.permission.ACCESS_BACKGROUND_LOCATION" />
18-->src\main\AndroidManifest.xml:13:5-84
18-->src\main\AndroidManifest.xml:13:22-82
19    <uses-permission android:name="android.permission.FOREGROUND_SERVICE" />
19-->src\main\AndroidManifest.xml:14:5-76
19-->src\main\AndroidManifest.xml:14:22-74
20    <uses-permission android:name="android.permission.SYSTEM_ALERT_WINDOW" />
20-->src\main\AndroidManifest.xml:15:5-77
20-->src\main\AndroidManifest.xml:15:22-75
21    <uses-permission android:name="android.permission.REQUEST_IGNORE_BATTERY_OPTIMIZATIONS" />
21-->src\main\AndroidManifest.xml:16:5-94
21-->src\main\AndroidManifest.xml:16:22-92
22    <uses-permission android:name="android.permission.RECEIVE_BOOT_COMPLETED" />
22-->[com.transistorsoft:tsbackgroundfetch:0.5.2] AndroidManifest.xml:11:5-81
22-->[com.transistorsoft:tsbackgroundfetch:0.5.2] AndroidManifest.xml:11:22-78
23    <uses-permission android:name="android.permission.WAKE_LOCK" />
23-->[com.transistorsoft:tsbackgroundfetch:0.5.2] AndroidManifest.xml:12:5-68
23-->[com.transistorsoft:tsbackgroundfetch:0.5.2] AndroidManifest.xml:12:22-65
24    <uses-permission android:name="android.permission.GET_TASKS" />
24-->[com.transistorsoft:tsbackgroundfetch:0.5.2] AndroidManifest.xml:13:5-68
24-->[com.transistorsoft:tsbackgroundfetch:0.5.2] AndroidManifest.xml:13:22-65
25
26    <application
26-->src\main\AndroidManifest.xml:17:5-63:19
27        android:appComponentFactory="androidx.core.app.CoreComponentFactory"
27-->[androidx.core:core:1.6.0] AndroidManifest.xml:24:18-86
28        android:debuggable="true"
29        android:icon="@mipmap/ic_launcher"
29-->src\main\AndroidManifest.xml:20:9-43
30        android:label="BS PRO"
30-->src\main\AndroidManifest.xml:18:9-31
31        android:usesCleartextTraffic="true" >
31-->src\main\AndroidManifest.xml:21:9-44
32        <service
32-->src\main\AndroidManifest.xml:22:9-98
33            android:name="com.gentecdashboard.LocationService"
33-->src\main\AndroidManifest.xml:22:18-49
34            android:enabled="true"
34-->src\main\AndroidManifest.xml:22:74-96
35            android:exported="true" />
35-->src\main\AndroidManifest.xml:22:50-73
36
37        <activity
37-->src\main\AndroidManifest.xml:23:9-55:20
38            android:name="com.gentecdashboard.MainActivity"
38-->src\main\AndroidManifest.xml:24:13-41
39            android:configChanges="orientation|keyboardHidden|keyboard|screenSize|smallestScreenSize|locale|layoutDirection|fontScale|screenLayout|density|uiMode"
39-->src\main\AndroidManifest.xml:27:13-163
40            android:hardwareAccelerated="true"
40-->src\main\AndroidManifest.xml:28:13-47
41            android:launchMode="singleTop"
41-->src\main\AndroidManifest.xml:25:13-43
42            android:theme="@style/LaunchTheme"
42-->src\main\AndroidManifest.xml:26:13-47
43            android:windowSoftInputMode="adjustResize" >
43-->src\main\AndroidManifest.xml:29:13-55
44
45            <!--
46                 Specifies an Android theme to apply to this Activity as soon as
47                 the Android process has started. This theme is visible to the user
48                 while the Flutter UI initializes. After that, this theme continues
49                 to determine the Window background behind the Flutter UI.
50            -->
51            <meta-data
51-->src\main\AndroidManifest.xml:34:13-36:37
52                android:name="flutterEmbedding"
52-->src\main\AndroidManifest.xml:35:17-48
53                android:value="2" />
53-->src\main\AndroidManifest.xml:36:17-34
54            <meta-data
54-->src\main\AndroidManifest.xml:38:13-41:17
55                android:name="io.flutter.embedding.android.NormalTheme"
55-->src\main\AndroidManifest.xml:39:15-70
56                android:resource="@style/NormalTheme" />
56-->src\main\AndroidManifest.xml:40:15-52
57            <!--
58                 Displays an Android View that continues showing the launch screen
59                 Drawable until Flutter paints its first frame, then this splash
60                 screen fades out. A splash screen is useful to avoid any visual
61                 gap between the end of Android's launch screen and the painting of
62                 Flutter's first frame.
63            -->
64            <meta-data
64-->src\main\AndroidManifest.xml:47:13-50:17
65                android:name="io.flutter.embedding.android.SplashScreenDrawable"
65-->src\main\AndroidManifest.xml:48:15-79
66                android:resource="@drawable/launch_background" />
66-->src\main\AndroidManifest.xml:49:15-61
67
68            <intent-filter>
68-->src\main\AndroidManifest.xml:51:13-54:29
69                <action android:name="android.intent.action.MAIN" />
69-->src\main\AndroidManifest.xml:52:17-68
69-->src\main\AndroidManifest.xml:52:25-66
70
71                <category android:name="android.intent.category.LAUNCHER" />
71-->src\main\AndroidManifest.xml:53:17-76
71-->src\main\AndroidManifest.xml:53:27-74
72            </intent-filter>
73        </activity>
74
75        <receiver
75-->src\main\AndroidManifest.xml:56:9-57:68
76            android:name="com.gentecdashboard.AlarmReceiver"
76-->src\main\AndroidManifest.xml:57:37-66
77            android:enabled="true"
77-->src\main\AndroidManifest.xml:56:19-41
78            android:exported="true" />
78-->src\main\AndroidManifest.xml:57:13-36
79        <!--
80             Don't delete the meta-data below.
81             This is used by the Flutter tool to generate GeneratedPluginRegistrant.java
82        -->
83        <meta-data
83-->src\main\AndroidManifest.xml:34:13-36:37
84            android:name="flutterEmbedding"
84-->src\main\AndroidManifest.xml:35:17-48
85            android:value="2" />
85-->src\main\AndroidManifest.xml:36:17-34
86
87        <provider
87-->[:flutter_webview_plugin] AndroidManifest.xml:9:9-18:20
88            android:name="androidx.core.content.FileProvider"
88-->[:flutter_webview_plugin] AndroidManifest.xml:10:13-62
89            android:authorities="com.gentecdashboard.fileprovider"
89-->[:flutter_webview_plugin] AndroidManifest.xml:11:13-64
90            android:exported="false"
90-->[:flutter_webview_plugin] AndroidManifest.xml:12:13-37
91            android:grantUriPermissions="true" >
91-->[:flutter_webview_plugin] AndroidManifest.xml:13:13-47
92            <meta-data
92-->[:flutter_webview_plugin] AndroidManifest.xml:15:13-17:53
93                android:name="android.support.FILE_PROVIDER_PATHS"
93-->[:flutter_webview_plugin] AndroidManifest.xml:16:17-67
94                android:resource="@xml/filepaths" />
94-->[:flutter_webview_plugin] AndroidManifest.xml:17:17-50
95        </provider>
96
97        <uses-library
97-->[androidx.window:window:1.0.0-beta04] AndroidManifest.xml:25:9-27:40
98            android:name="androidx.window.extensions"
98-->[androidx.window:window:1.0.0-beta04] AndroidManifest.xml:26:13-54
99            android:required="false" />
99-->[androidx.window:window:1.0.0-beta04] AndroidManifest.xml:27:13-37
100        <uses-library
100-->[androidx.window:window:1.0.0-beta04] AndroidManifest.xml:28:9-30:40
101            android:name="androidx.window.sidecar"
101-->[androidx.window:window:1.0.0-beta04] AndroidManifest.xml:29:13-51
102            android:required="false" />
102-->[androidx.window:window:1.0.0-beta04] AndroidManifest.xml:30:13-37
103
104        <receiver android:name="com.transistorsoft.tsbackgroundfetch.FetchAlarmReceiver" />
104-->[com.transistorsoft:tsbackgroundfetch:0.5.2] AndroidManifest.xml:16:9-92
104-->[com.transistorsoft:tsbackgroundfetch:0.5.2] AndroidManifest.xml:16:19-89
105
106        <service
106-->[com.transistorsoft:tsbackgroundfetch:0.5.2] AndroidManifest.xml:18:9-21:72
107            android:name="com.transistorsoft.tsbackgroundfetch.FetchJobService"
107-->[com.transistorsoft:tsbackgroundfetch:0.5.2] AndroidManifest.xml:19:13-80
108            android:exported="true"
108-->[com.transistorsoft:tsbackgroundfetch:0.5.2] AndroidManifest.xml:20:13-36
109            android:permission="android.permission.BIND_JOB_SERVICE" />
109-->[com.transistorsoft:tsbackgroundfetch:0.5.2] AndroidManifest.xml:21:13-69
110
111        <receiver
111-->[com.transistorsoft:tsbackgroundfetch:0.5.2] AndroidManifest.xml:23:9-30:20
112            android:name="com.transistorsoft.tsbackgroundfetch.BootReceiver"
112-->[com.transistorsoft:tsbackgroundfetch:0.5.2] AndroidManifest.xml:24:13-77
113            android:exported="false" >
113-->[com.transistorsoft:tsbackgroundfetch:0.5.2] AndroidManifest.xml:25:13-37
114            <intent-filter>
114-->[com.transistorsoft:tsbackgroundfetch:0.5.2] AndroidManifest.xml:26:13-29:29
115                <action android:name="android.intent.action.BOOT_COMPLETED" />
115-->[com.transistorsoft:tsbackgroundfetch:0.5.2] AndroidManifest.xml:27:17-79
115-->[com.transistorsoft:tsbackgroundfetch:0.5.2] AndroidManifest.xml:27:25-76
116                <action android:name="android.intent.action.MY_PACKAGE_REPLACED" />
116-->[com.transistorsoft:tsbackgroundfetch:0.5.2] AndroidManifest.xml:28:17-84
116-->[com.transistorsoft:tsbackgroundfetch:0.5.2] AndroidManifest.xml:28:25-81
117            </intent-filter>
118        </receiver>
119
120        <activity
120-->[com.google.android.gms:play-services-base:18.0.1] AndroidManifest.xml:20:9-22:45
121            android:name="com.google.android.gms.common.api.GoogleApiActivity"
121-->[com.google.android.gms:play-services-base:18.0.1] AndroidManifest.xml:20:19-85
122            android:exported="false"
122-->[com.google.android.gms:play-services-base:18.0.1] AndroidManifest.xml:22:19-43
123            android:theme="@android:style/Theme.Translucent.NoTitleBar" />
123-->[com.google.android.gms:play-services-base:18.0.1] AndroidManifest.xml:21:19-78
124
125        <meta-data
125-->[com.google.android.gms:play-services-basement:18.0.0] AndroidManifest.xml:21:9-23:69
126            android:name="com.google.android.gms.version"
126-->[com.google.android.gms:play-services-basement:18.0.0] AndroidManifest.xml:22:13-58
127            android:value="@integer/google_play_services_version" />
127-->[com.google.android.gms:play-services-basement:18.0.0] AndroidManifest.xml:23:13-66
128    </application>
129
130</manifest>